2020-05-02 08:53:55,377 INFO  [Log] Application opend 
2020-05-02 08:54:20,977 INFO  [Log] Login coompleted 
2020-05-02 08:54:21,213 INFO  [Log] Logout completed 
2020-05-02 08:54:23,212 INFO  [Log] Application closed 
2020-05-02 11:09:08,996 INFO  [Log] Application opend 
2020-05-02 11:09:18,661 INFO  [Log] Login coompleted 
2020-05-02 11:09:18,784 INFO  [Log] Logout completed 
2020-05-02 11:09:19,779 INFO  [Log] Application closed 
2020-05-02 11:09:26,969 INFO  [Log] Application opend 
2020-05-02 11:09:32,534 INFO  [Log] Login coompleted 
2020-05-04 11:57:51,183 INFO  [Log] Application opend 
2020-05-04 11:58:04,965 INFO  [Log] Login completed 
2020-05-04 11:58:05,095 INFO  [Log] Logout completed 
2020-05-04 11:58:05,295 INFO  [Log] Application closed 
2020-05-04 12:02:13,391 INFO  [Log] Application opend 
2020-05-04 12:02:19,017 INFO  [Log] Login completed 
2020-05-04 12:02:19,128 INFO  [Log] Logout completed 
2020-05-04 12:02:19,370 INFO  [Log] Application closed 
2020-05-04 12:40:35,806 INFO  [Log] Application opend 
2020-05-04 12:40:44,162 INFO  [Log] Login completed 
2020-05-04 12:40:44,273 INFO  [Log] Logout completed 
2020-05-04 12:40:44,689 INFO  [Log] Application closed 
2020-05-04 16:49:40,090 INFO  [Log] Application opend 
2020-05-04 16:49:51,485 INFO  [Log] Login completed 
2020-05-04 16:52:02,661 INFO  [Log] Application opend 
2020-05-04 16:52:09,720 INFO  [Log] Login completed 
2020-05-04 16:58:40,731 INFO  [Log] Application opend 
2020-05-04 16:58:48,716 INFO  [Log] Login completed 
2020-05-04 16:58:48,835 INFO  [Log] Logout completed 
2020-05-04 16:58:49,511 INFO  [Log] Application closed 
2020-05-05 12:26:56,313 INFO  [Log] Logout completed 
2020-05-05 12:27:00,606 INFO  [Log] Application closed 
2020-05-05 12:36:49,189 INFO  [Log] Logout completed 
2020-05-05 12:36:53,377 INFO  [Log] Application closed 
2020-05-13 20:27:18,118 INFO  [Log] Login completed 
2020-05-13 20:27:18,269 INFO  [Log] Logout completed 
2020-05-13 20:27:18,863 INFO  [Log] Application closed 
2020-05-13 20:28:00,031 INFO  [Log] Logout completed 
2020-05-13 20:28:00,289 INFO  [Log] Application closed 
2020-05-13 20:35:27,199 INFO  [Log] Logout completed 
2020-05-13 20:35:28,803 INFO  [Log] Application closed 
2020-05-13 20:37:50,234 INFO  [Log] Logout completed 
2020-05-13 20:37:50,597 INFO  [Log] Application closed 
2020-05-13 20:39:53,952 INFO  [Log] Application opend 
2020-05-13 20:40:00,907 INFO  [Log] Login completed 
2020-05-13 20:41:36,499 INFO  [Log] Application opend 
2020-05-13 20:41:45,265 INFO  [Log] Login completed 
2020-05-14 09:58:10,437 INFO  [Log] Application opend 
2020-05-14 09:58:37,053 INFO  [Log] Login completed 
2020-05-14 09:59:32,909 INFO  [Log] Application opend 
2020-05-14 09:59:42,248 INFO  [Log] Login completed 
2020-05-14 10:06:17,846 INFO  [Log] Application opend 
2020-05-14 10:06:40,642 INFO  [Log] Login completed 
2020-05-14 10:13:12,552 INFO  [Log] Application opend 
2020-05-14 10:13:20,257 INFO  [Log] Login completed 
2020-05-14 10:48:22,993 INFO  [Log] Login completed 
2020-05-14 10:48:23,146 INFO  [Log] Logout completed 
2020-05-14 10:48:23,674 INFO  [Log] Application closed 
2020-05-14 10:55:33,741 INFO  [Log] Application opend 
2020-05-14 10:55:39,141 INFO  [Log] Login completed 
2020-05-14 10:59:07,019 INFO  [Log] Application opend 
2020-05-14 10:59:13,049 INFO  [Log] Login completed 
2020-05-14 11:02:45,972 INFO  [Log] Application opend 
2020-05-14 11:02:55,470 INFO  [Log] Login completed 
2020-05-14 11:20:40,386 INFO  [Log] Application opend 
2020-05-14 11:20:49,992 INFO  [Log] Login completed 
2020-05-14 11:27:38,487 INFO  [Log] Application opend 
2020-05-14 11:27:47,547 INFO  [Log] Login completed 
2020-05-14 11:28:09,071 INFO  [Log] Adding new employee 
2020-05-14 11:30:30,262 INFO  [Log] Application opend 
2020-05-14 11:30:30,262 INFO  [Log] Application opend 
2020-05-14 11:30:41,841 INFO  [Log] Login completed 
2020-05-14 11:30:41,847 INFO  [Log] Login completed 
2020-05-14 11:30:54,733 INFO  [Log] Adding new employee 
2020-05-14 11:30:55,937 INFO  [Log] Adding new employee 
2020-05-14 11:33:00,522 INFO  [Log] Application opend 
2020-05-14 11:33:05,264 INFO  [Log] Login completed 
2020-05-14 11:33:15,846 INFO  [Log] Adding new employee 
2020-05-14 11:33:21,621 INFO  [Log] Delting the employee done 
2020-05-14 11:33:21,719 INFO  [Log] Logout completed 
2020-05-14 11:33:21,916 INFO  [Log] Application closed 
2020-05-14 12:02:22,927 INFO  [Log] Application opend 
2020-05-14 12:02:28,758 INFO  [Log] Login completed 
2020-05-14 12:02:39,894 INFO  [Log] Adding new employee 
2020-05-14 12:02:45,821 INFO  [Log] Delting the employee done 
2020-05-14 12:02:45,923 INFO  [Log] Logout completed 
2020-05-14 12:02:46,204 INFO  [Log] Application closed 
2020-05-14 12:44:04,548 INFO  [Log] Login completed 
2020-05-14 12:44:04,681 INFO  [Log] Logout completed 
2020-05-14 12:44:04,890 INFO  [Log] Application closed 
2020-05-14 12:44:11,397 INFO  [Log] Application opend 
2020-05-14 12:44:16,531 INFO  [Log] Login completed 
2020-05-14 12:44:27,047 INFO  [Log] Logout completed 
2020-05-14 12:44:27,220 INFO  [Log] Application closed 
2020-05-14 12:44:33,978 INFO  [Log] Application opend 
2020-05-14 12:44:38,728 INFO  [Log] Login completed 
2020-05-14 13:15:41,597 INFO  [Log] Login completed 
2020-05-14 13:15:41,751 INFO  [Log] Logout completed 
2020-05-14 13:15:42,030 INFO  [Log] Application closed 
2020-05-14 13:15:48,725 INFO  [Log] Application opend 
2020-05-14 13:15:53,463 INFO  [Log] Login completed 
2020-05-14 13:16:03,982 INFO  [Log] Logout completed 
2020-05-14 13:16:04,204 INFO  [Log] Application closed 
2020-05-14 13:16:11,606 INFO  [Log] Application opend 
2020-05-14 13:16:16,835 INFO  [Log] Login completed 
2020-05-14 13:16:34,268 INFO  [Log] Adding new employee 
2020-05-14 13:16:39,876 INFO  [Log] Delting the employee done 
2020-05-14 13:16:39,988 INFO  [Log] Logout completed 
2020-05-14 13:16:40,188 INFO  [Log] Application closed 
